[2022-03-27T23:20:32.550Z] Validating found git in: git
[2022-03-27T23:20:32.608Z] Using git 2.25.1 from git
[2022-03-27T23:20:33.034Z] > git rev-parse --git-dir [78ms]
[2022-03-27T23:20:33.042Z] Open repository: /home/exit
[2022-03-27T23:20:33.169Z] > git symbolic-ref --short HEAD [3ms]
[2022-03-27T23:20:33.179Z] > git for-each-ref --format=%(refname)%00%(upstream:short)%00%(objectname)%00%(upstream:track) refs/heads/master refs/remotes/master [2ms]
[2022-03-27T23:20:33.189Z] > git remote --verbose [2ms]
[2022-03-27T23:20:33.190Z] > git for-each-ref --sort -committerdate --format %(refname) %(objectname) %(*objectname) [7ms]
[2022-03-27T23:20:35.243Z] > git config --get commit.template [56ms]
[2022-03-27T23:20:35.473Z] > git ls-files --stage -- /home/exit/historia.txt [2ms]
[2022-03-27T23:20:38.347Z] > git symbolic-ref --short HEAD [1ms]
[2022-03-27T23:20:38.352Z] > git for-each-ref --format=%(refname)%00%(upstream:short)%00%(objectname)%00%(upstream:track) refs/heads/master refs/remotes/master [1ms]
[2022-03-27T23:20:38.362Z] > git remote --verbose [1ms]
[2022-03-27T23:20:38.362Z] > git for-each-ref --sort -committerdate --format %(refname) %(objectname) %(*objectname) [6ms]
[2022-03-27T23:20:38.460Z] > git config --get commit.template [1ms]
[2022-03-27T23:20:55.949Z] > git symbolic-ref --short HEAD [1ms]
[2022-03-27T23:20:55.958Z] > git for-each-ref --format=%(refname)%00%(upstream:short)%00%(objectname)%00%(upstream:track) refs/heads/master refs/remotes/master [1ms]
[2022-03-27T23:20:55.969Z] > git remote --verbose [2ms]
[2022-03-27T23:20:55.970Z] > git for-each-ref --sort -committerdate --format %(refname) %(objectname) %(*objectname) [8ms]
[2022-03-27T23:20:58.780Z] > git config --get commit.template [2674ms]
[2022-03-27T23:21:03.864Z] > git symbolic-ref --short HEAD [1ms]
[2022-03-27T23:21:03.871Z] > git for-each-ref --format=%(refname)%00%(upstream:short)%00%(objectname)%00%(upstream:track) refs/heads/master refs/remotes/master [1ms]
[2022-03-27T23:21:03.885Z] > git remote --verbose [1ms]
[2022-03-27T23:21:03.886Z] > git for-each-ref --sort -committerdate --format %(refname) %(objectname) %(*objectname) [9ms]
[2022-03-27T23:21:03.989Z] > git config --get commit.template [2ms]
[2022-03-27T23:21:30.079Z] > git symbolic-ref --short HEAD [1ms]
[2022-03-27T23:21:30.085Z] > git for-each-ref --format=%(refname)%00%(upstream:short)%00%(objectname)%00%(upstream:track) refs/heads/master refs/remotes/master [0ms]
[2022-03-27T23:21:30.094Z] > git remote --verbose [1ms]
[2022-03-27T23:21:30.094Z] > git for-each-ref --sort -committerdate --format %(refname) %(objectname) %(*objectname) [6ms]
[2022-03-27T23:21:30.229Z] > git config --get commit.template [15ms]
[2022-03-27T23:21:46.785Z] > git symbolic-ref --short HEAD [1ms]
[2022-03-27T23:21:46.792Z] > git for-each-ref --format=%(refname)%00%(upstream:short)%00%(objectname)%00%(upstream:track) refs/heads/master refs/remotes/master [1ms]
[2022-03-27T23:21:46.807Z] > git remote --verbose [2ms]
[2022-03-27T23:21:46.807Z] > git for-each-ref --sort -committerdate --format %(refname) %(objectname) %(*objectname) [7ms]
[2022-03-27T23:21:46.909Z] > git config --get commit.template [2ms]
[2022-03-27T23:21:52.009Z] > git symbolic-ref --short HEAD [1ms]
[2022-03-27T23:21:52.020Z] > git for-each-ref --format=%(refname)%00%(upstream:short)%00%(objectname)%00%(upstream:track) refs/heads/master refs/remotes/master [1ms]
[2022-03-27T23:21:52.031Z] > git remote --verbose [1ms]
[2022-03-27T23:21:52.032Z] > git for-each-ref --sort -committerdate --format %(refname) %(objectname) %(*objectname) [7ms]
[2022-03-27T23:21:52.130Z] > git config --get commit.template [2ms]
[2022-03-27T23:21:57.210Z] > git symbolic-ref --short HEAD [1ms]
[2022-03-27T23:21:57.221Z] > git for-each-ref --format=%(refname)%00%(upstream:short)%00%(objectname)%00%(upstream:track) refs/heads/master refs/remotes/master [1ms]
[2022-03-27T23:21:57.235Z] > git for-each-ref --sort -committerdate --format %(refname) %(objectname) %(*objectname) [9ms]
[2022-03-27T23:21:57.235Z] > git remote --verbose [2ms]
[2022-03-27T23:21:57.336Z] > git config --get commit.template [4ms]
[2022-03-27T23:22:03.380Z] > git symbolic-ref --short HEAD [2ms]
[2022-03-27T23:22:03.387Z] > git for-each-ref --format=%(refname)%00%(upstream:short)%00%(objectname)%00%(upstream:track) refs/heads/master refs/remotes/master [1ms]
[2022-03-27T23:22:03.399Z] > git remote --verbose [1ms]
[2022-03-27T23:22:03.399Z] > git for-each-ref --sort -committerdate --format %(refname) %(objectname) %(*objectname) [7ms]
[2022-03-27T23:22:03.504Z] > git config --get commit.template [3ms]
[2022-03-27T23:23:09.856Z] > git symbolic-ref --short HEAD [1ms]
[2022-03-27T23:23:09.862Z] > git for-each-ref --format=%(refname)%00%(upstream:short)%00%(objectname)%00%(upstream:track) refs/heads/master refs/remotes/master [1ms]
[2022-03-27T23:23:09.875Z] > git remote --verbose [2ms]
[2022-03-27T23:23:09.875Z] > git for-each-ref --sort -committerdate --format %(refname) %(objectname) %(*objectname) [8ms]
[2022-03-27T23:23:12.913Z] > git config --get commit.template [40ms]
[2022-03-27T23:23:18.014Z] > git symbolic-ref --short HEAD [1ms]
[2022-03-27T23:23:18.022Z] > git for-each-ref --format=%(refname)%00%(upstream:short)%00%(objectname)%00%(upstream:track) refs/heads/master refs/remotes/master [2ms]
[2022-03-27T23:23:18.034Z] > git for-each-ref --sort -committerdate --format %(refname) %(objectname) %(*objectname) [6ms]
[2022-03-27T23:23:18.034Z] > git remote --verbose [1ms]
[2022-03-27T23:23:18.120Z] > git config --get commit.template [1ms]
[2022-03-27T23:23:23.209Z] > git symbolic-ref --short HEAD [1ms]
[2022-03-27T23:23:23.219Z] > git for-each-ref --format=%(refname)%00%(upstream:short)%00%(objectname)%00%(upstream:track) refs/heads/master refs/remotes/master [1ms]
[2022-03-27T23:23:23.230Z] > git remote --verbose [1ms]
[2022-03-27T23:23:23.230Z] > git for-each-ref --sort -committerdate --format %(refname) %(objectname) %(*objectname) [5ms]
[2022-03-27T23:23:23.325Z] > git config --get commit.template [2ms]
[2022-03-27T23:25:24.826Z] > git symbolic-ref --short HEAD [1ms]
[2022-03-27T23:25:24.831Z] > git for-each-ref --format=%(refname)%00%(upstream:short)%00%(objectname)%00%(upstream:track) refs/heads/master refs/remotes/master [1ms]
[2022-03-27T23:25:24.845Z] > git remote --verbose [3ms]
[2022-03-27T23:25:24.845Z] > git for-each-ref --sort -committerdate --format %(refname) %(objectname) %(*objectname) [9ms]
[2022-03-27T23:25:24.971Z] > git config --get commit.template [9ms]
[2022-03-27T23:25:30.047Z] > git symbolic-ref --short HEAD [1ms]
[2022-03-27T23:25:30.056Z] > git for-each-ref --format=%(refname)%00%(upstream:short)%00%(objectname)%00%(upstream:track) refs/heads/master refs/remotes/master [1ms]
[2022-03-27T23:25:30.068Z] > git remote --verbose [1ms]
[2022-03-27T23:25:30.069Z] > git for-each-ref --sort -committerdate --format %(refname) %(objectname) %(*objectname) [6ms]
[2022-03-27T23:25:30.153Z] > git config --get commit.template [2ms]
[2022-03-27T23:25:35.233Z] > git symbolic-ref --short HEAD [1ms]
[2022-03-27T23:25:35.241Z] > git for-each-ref --format=%(refname)%00%(upstream:short)%00%(objectname)%00%(upstream:track) refs/heads/master refs/remotes/master [0ms]
[2022-03-27T23:25:35.254Z] > git remote --verbose [2ms]
[2022-03-27T23:25:35.254Z] > git for-each-ref --sort -committerdate --format %(refname) %(objectname) %(*objectname) [8ms]
[2022-03-27T23:25:35.348Z] > git config --get commit.template [2ms]
[2022-03-27T23:25:40.426Z] > git symbolic-ref --short HEAD [0ms]
[2022-03-27T23:25:40.435Z] > git for-each-ref --format=%(refname)%00%(upstream:short)%00%(objectname)%00%(upstream:track) refs/heads/master refs/remotes/master [2ms]
[2022-03-27T23:25:40.448Z] > git remote --verbose [1ms]
[2022-03-27T23:25:40.448Z] > git for-each-ref --sort -committerdate --format %(refname) %(objectname) %(*objectname) [6ms]
[2022-03-27T23:25:40.546Z] > git config --get commit.template [1ms]
[2022-03-27T23:25:45.627Z] > git symbolic-ref --short HEAD [1ms]
[2022-03-27T23:25:45.635Z] > git for-each-ref --format=%(refname)%00%(upstream:short)%00%(objectname)%00%(upstream:track) refs/heads/master refs/remotes/master [1ms]
[2022-03-27T23:25:45.649Z] > git remote --verbose [1ms]
[2022-03-27T23:25:45.649Z] > git for-each-ref --sort -committerdate --format %(refname) %(objectname) %(*objectname) [7ms]
[2022-03-27T23:25:45.743Z] > git config --get commit.template [1ms]
[2022-03-27T23:25:50.823Z] > git symbolic-ref --short HEAD [1ms]
[2022-03-27T23:25:50.830Z] > git for-each-ref --format=%(refname)%00%(upstream:short)%00%(objectname)%00%(upstream:track) refs/heads/master refs/remotes/master [1ms]
[2022-03-27T23:25:50.846Z] > git remote --verbose [2ms]
[2022-03-27T23:25:50.846Z] > git for-each-ref --sort -committerdate --format %(refname) %(objectname) %(*objectname) [8ms]
[2022-03-27T23:25:50.943Z] > git config --get commit.template [1ms]
[2022-03-27T23:25:56.025Z] > git symbolic-ref --short HEAD [1ms]
[2022-03-27T23:25:56.033Z] > git for-each-ref --format=%(refname)%00%(upstream:short)%00%(objectname)%00%(upstream:track) refs/heads/master refs/remotes/master [1ms]
[2022-03-27T23:25:56.047Z] > git for-each-ref --sort -committerdate --format %(refname) %(objectname) %(*objectname) [7ms]
[2022-03-27T23:25:56.047Z] > git remote --verbose [2ms]
[2022-03-27T23:25:56.152Z] > git config --get commit.template [1ms]
[2022-03-27T23:26:01.233Z] > git symbolic-ref --short HEAD [1ms]
[2022-03-27T23:26:01.242Z] > git for-each-ref --format=%(refname)%00%(upstream:short)%00%(objectname)%00%(upstream:track) refs/heads/master refs/remotes/master [1ms]
[2022-03-27T23:26:01.258Z] > git remote --verbose [2ms]
[2022-03-27T23:26:01.258Z] > git for-each-ref --sort -committerdate --format %(refname) %(objectname) %(*objectname) [9ms]
[2022-03-27T23:26:01.358Z] > git config --get commit.template [2ms]
[2022-03-27T23:26:07.444Z] > git symbolic-ref --short HEAD [1ms]
[2022-03-27T23:26:07.457Z] > git for-each-ref --format=%(refname)%00%(upstream:short)%00%(objectname)%00%(upstream:track) refs/heads/master refs/remotes/master [1ms]
[2022-03-27T23:26:07.473Z] > git remote --verbose [1ms]
[2022-03-27T23:26:07.474Z] > git for-each-ref --sort -committerdate --format %(refname) %(objectname) %(*objectname) [9ms]
[2022-03-27T23:26:10.379Z] > git config --get commit.template [2785ms]
[2022-03-27T23:26:15.479Z] > git symbolic-ref --short HEAD [1ms]
[2022-03-27T23:26:15.493Z] > git for-each-ref --format=%(refname)%00%(upstream:short)%00%(objectname)%00%(upstream:track) refs/heads/master refs/remotes/master [1ms]
[2022-03-27T23:26:15.507Z] > git remote --verbose [1ms]
[2022-03-27T23:26:15.507Z] > git for-each-ref --sort -committerdate --format %(refname) %(objectname) %(*objectname) [6ms]
[2022-03-27T23:26:15.608Z] > git config --get commit.template [2ms]
[2022-03-27T23:26:20.678Z] > git symbolic-ref --short HEAD [1ms]
[2022-03-27T23:26:20.683Z] > git for-each-ref --format=%(refname)%00%(upstream:short)%00%(objectname)%00%(upstream:track) refs/heads/master refs/remotes/master [0ms]
[2022-03-27T23:26:20.692Z] > git remote --verbose [1ms]
[2022-03-27T23:26:20.692Z] > git for-each-ref --sort -committerdate --format %(refname) %(objectname) %(*objectname) [4ms]
[2022-03-27T23:26:20.765Z] > git config --get commit.template [1ms]
[2022-03-27T23:26:27.653Z] > git symbolic-ref --short HEAD [1ms]
[2022-03-27T23:26:27.662Z] > git for-each-ref --format=%(refname)%00%(upstream:short)%00%(objectname)%00%(upstream:track) refs/heads/master refs/remotes/master [1ms]
[2022-03-27T23:26:27.675Z] > git for-each-ref --sort -committerdate --format %(refname) %(objectname) %(*objectname) [7ms]
[2022-03-27T23:26:27.675Z] > git remote --verbose [1ms]
[2022-03-27T23:26:27.759Z] > git config --get commit.template [1ms]
[2022-03-27T23:26:32.866Z] > git symbolic-ref --short HEAD [1ms]
[2022-03-27T23:26:32.874Z] > git for-each-ref --format=%(refname)%00%(upstream:short)%00%(objectname)%00%(upstream:track) refs/heads/master refs/remotes/master [1ms]
[2022-03-27T23:26:32.888Z] > git remote --verbose [1ms]
[2022-03-27T23:26:32.888Z] > git for-each-ref --sort -committerdate --format %(refname) %(objectname) %(*objectname) [7ms]
[2022-03-27T23:26:32.974Z] > git config --get commit.template [1ms]
[2022-03-27T23:26:38.053Z] > git symbolic-ref --short HEAD [1ms]
[2022-03-27T23:26:38.060Z] > git for-each-ref --format=%(refname)%00%(upstream:short)%00%(objectname)%00%(upstream:track) refs/heads/master refs/remotes/master [1ms]
[2022-03-27T23:26:38.074Z] > git remote --verbose [1ms]
[2022-03-27T23:26:38.074Z] > git for-each-ref --sort -committerdate --format %(refname) %(objectname) %(*objectname) [7ms]
[2022-03-27T23:26:38.171Z] > git config --get commit.template [2ms]
[2022-03-27T23:26:41.741Z] > git log --format=%H%n%aN%n%aE%n%at%n%ct%n%P%n%B -z -n21 -- /home/exit/blogspot [3ms]
[2022-03-27T23:26:41.741Z] fatal: your current branch 'master' does not have any commits yet
[2022-03-27T23:26:41.837Z] > git ls-files --stage -- /home/exit/blogspot [1ms]
[2022-03-27T23:26:43.238Z] > git symbolic-ref --short HEAD [0ms]
[2022-03-27T23:26:43.245Z] > git for-each-ref --format=%(refname)%00%(upstream:short)%00%(objectname)%00%(upstream:track) refs/heads/master refs/remotes/master [1ms]
[2022-03-27T23:26:43.254Z] > git remote --verbose [1ms]
[2022-03-27T23:26:43.254Z] > git for-each-ref --sort -committerdate --format %(refname) %(objectname) %(*objectname) [5ms]
[2022-03-27T23:26:43.323Z] > git config --get commit.template [1ms]
[2022-03-27T23:26:48.405Z] > git symbolic-ref --short HEAD [1ms]
[2022-03-27T23:26:48.413Z] > git for-each-ref --format=%(refname)%00%(upstream:short)%00%(objectname)%00%(upstream:track) refs/heads/master refs/remotes/master [0ms]
[2022-03-27T23:26:48.425Z] > git for-each-ref --sort -committerdate --format %(refname) %(objectname) %(*objectname) [7ms]
[2022-03-27T23:26:48.426Z] > git remote --verbose [2ms]
[2022-03-27T23:26:48.520Z] > git config --get commit.template [11ms]
[2022-03-27T23:26:53.595Z] > git symbolic-ref --short HEAD [0ms]
[2022-03-27T23:26:53.601Z] > git for-each-ref --format=%(refname)%00%(upstream:short)%00%(objectname)%00%(upstream:track) refs/heads/master refs/remotes/master [0ms]
[2022-03-27T23:26:53.611Z] > git remote --verbose [1ms]
[2022-03-27T23:26:53.611Z] > git for-each-ref --sort -committerdate --format %(refname) %(objectname) %(*objectname) [5ms]
[2022-03-27T23:26:53.688Z] > git config --get commit.template [1ms]
[2022-03-27T23:26:56.483Z] > git log --format=%H%n%aN%n%aE%n%at%n%ct%n%P%n%B -z -n21 -- /home/exit/blogspot.html [3ms]
[2022-03-27T23:26:56.483Z] fatal: your current branch 'master' does not have any commits yet
[2022-03-27T23:26:56.669Z] > git ls-files --stage -- /home/exit/blogspot.html [2ms]
[2022-03-27T23:26:58.931Z] > git symbolic-ref --short HEAD [1ms]
[2022-03-27T23:26:58.940Z] > git for-each-ref --format=%(refname)%00%(upstream:short)%00%(objectname)%00%(upstream:track) refs/heads/master refs/remotes/master [0ms]
[2022-03-27T23:26:58.951Z] > git remote --verbose [1ms]
[2022-03-27T23:26:58.951Z] > git for-each-ref --sort -committerdate --format %(refname) %(objectname) %(*objectname) [6ms]
[2022-03-27T23:26:59.025Z] > git config --get commit.template [1ms]
[2022-03-27T23:27:06.422Z] > git symbolic-ref --short HEAD [1ms]
[2022-03-27T23:27:06.429Z] > git for-each-ref --format=%(refname)%00%(upstream:short)%00%(objectname)%00%(upstream:track) refs/heads/master refs/remotes/master [1ms]
[2022-03-27T23:27:06.439Z] > git remote --verbose [1ms]
[2022-03-27T23:27:06.439Z] > git for-each-ref --sort -committerdate --format %(refname) %(objectname) %(*objectname) [6ms]
[2022-03-27T23:27:06.510Z] > git config --get commit.template [1ms]
[2022-03-27T23:27:11.589Z] > git symbolic-ref --short HEAD [1ms]
[2022-03-27T23:27:11.600Z] > git for-each-ref --format=%(refname)%00%(upstream:short)%00%(objectname)%00%(upstream:track) refs/heads/master refs/remotes/master [1ms]
[2022-03-27T23:27:11.615Z] > git remote --verbose [1ms]
[2022-03-27T23:27:11.615Z] > git for-each-ref --sort -committerdate --format %(refname) %(objectname) %(*objectname) [9ms]
[2022-03-27T23:27:11.694Z] > git config --get commit.template [3ms]
[2022-03-27T23:27:16.764Z] > git symbolic-ref --short HEAD [0ms]
[2022-03-27T23:27:16.771Z] > git for-each-ref --format=%(refname)%00%(upstream:short)%00%(objectname)%00%(upstream:track) refs/heads/master refs/remotes/master [1ms]
[2022-03-27T23:27:16.784Z] > git remote --verbose [1ms]
[2022-03-27T23:27:16.785Z] > git for-each-ref --sort -committerdate --format %(refname) %(objectname) %(*objectname) [7ms]
[2022-03-27T23:27:16.879Z] > git config --get commit.template [2ms]
[2022-03-27T23:27:22.215Z] > git symbolic-ref --short HEAD [2ms]
[2022-03-27T23:27:22.221Z] > git for-each-ref --format=%(refname)%00%(upstream:short)%00%(objectname)%00%(upstream:track) refs/heads/master refs/remotes/master [1ms]
[2022-03-27T23:27:22.230Z] > git remote --verbose [0ms]
[2022-03-27T23:27:22.231Z] > git for-each-ref --sort -committerdate --format %(refname) %(objectname) %(*objectname) [6ms]
[2022-03-27T23:27:22.302Z] > git config --get commit.template [1ms]
[2022-03-27T23:27:27.571Z] > git symbolic-ref --short HEAD [1ms]
[2022-03-27T23:27:27.577Z] > git for-each-ref --format=%(refname)%00%(upstream:short)%00%(objectname)%00%(upstream:track) refs/heads/master refs/remotes/master [1ms]
[2022-03-27T23:27:27.587Z] > git remote --verbose [1ms]
[2022-03-27T23:27:27.587Z] > git for-each-ref --sort -committerdate --format %(refname) %(objectname) %(*objectname) [5ms]
[2022-03-27T23:27:27.657Z] > git config --get commit.template [1ms]
[2022-03-27T23:27:32.739Z] > git symbolic-ref --short HEAD [1ms]
[2022-03-27T23:27:32.745Z] > git for-each-ref --format=%(refname)%00%(upstream:short)%00%(objectname)%00%(upstream:track) refs/heads/master refs/remotes/master [1ms]
[2022-03-27T23:27:32.755Z] > git remote --verbose [1ms]
[2022-03-27T23:27:32.755Z] > git for-each-ref --sort -committerdate --format %(refname) %(objectname) %(*objectname) [6ms]
[2022-03-27T23:27:32.839Z] > git config --get commit.template [3ms]
[2022-03-27T23:27:37.917Z] > git symbolic-ref --short HEAD [0ms]
[2022-03-27T23:27:37.923Z] > git for-each-ref --format=%(refname)%00%(upstream:short)%00%(objectname)%00%(upstream:track) refs/heads/master refs/remotes/master [0ms]
[2022-03-27T23:27:37.934Z] > git for-each-ref --sort -committerdate --format %(refname) %(objectname) %(*objectname) [5ms]
[2022-03-27T23:27:37.934Z] > git remote --verbose [1ms]
[2022-03-27T23:27:38.018Z] > git config --get commit.template [8ms]
[2022-03-27T23:27:43.087Z] > git symbolic-ref --short HEAD [0ms]
[2022-03-27T23:27:43.093Z] > git for-each-ref --format=%(refname)%00%(upstream:short)%00%(objectname)%00%(upstream:track) refs/heads/master refs/remotes/master [1ms]
[2022-03-27T23:27:43.103Z] > git remote --verbose [1ms]
[2022-03-27T23:27:43.103Z] > git for-each-ref --sort -committerdate --format %(refname) %(objectname) %(*objectname) [5ms]
[2022-03-27T23:27:43.181Z] > git config --get commit.template [1ms]
[2022-03-27T23:27:48.274Z] > git symbolic-ref --short HEAD [1ms]
[2022-03-27T23:27:48.279Z] > git for-each-ref --format=%(refname)%00%(upstream:short)%00%(objectname)%00%(upstream:track) refs/heads/master refs/remotes/master [0ms]
[2022-03-27T23:27:48.289Z] > git remote --verbose [1ms]
[2022-03-27T23:27:48.289Z] > git for-each-ref --sort -committerdate --format %(refname) %(objectname) %(*objectname) [5ms]
[2022-03-27T23:27:48.361Z] > git config --get commit.template [2ms]
[2022-03-27T23:27:53.469Z] > git symbolic-ref --short HEAD [2ms]
[2022-03-27T23:27:53.482Z] > git for-each-ref --format=%(refname)%00%(upstream:short)%00%(objectname)%00%(upstream:track) refs/heads/master refs/remotes/master [1ms]
[2022-03-27T23:27:53.497Z] > git remote --verbose [1ms]
[2022-03-27T23:27:53.497Z] > git for-each-ref --sort -committerdate --format %(refname) %(objectname) %(*objectname) [6ms]
[2022-03-27T23:27:56.430Z] > git config --get commit.template [2814ms]
[2022-03-27T23:28:01.514Z] > git symbolic-ref --short HEAD [1ms]
[2022-03-27T23:28:01.521Z] > git for-each-ref --format=%(refname)%00%(upstream:short)%00%(objectname)%00%(upstream:track) refs/heads/master refs/remotes/master [1ms]
[2022-03-27T23:28:01.532Z] > git remote --verbose [0ms]
[2022-03-27T23:28:01.533Z] > git for-each-ref --sort -committerdate --format %(refname) %(objectname) %(*objectname) [6ms]
[2022-03-27T23:28:01.613Z] > git config --get commit.template [10ms]
[2022-03-27T23:28:06.688Z] > git symbolic-ref --short HEAD [1ms]
[2022-03-27T23:28:06.695Z] > git for-each-ref --format=%(refname)%00%(upstream:short)%00%(objectname)%00%(upstream:track) refs/heads/master refs/remotes/master [1ms]
[2022-03-27T23:28:06.732Z] > git remote --verbose [1ms]
[2022-03-27T23:28:06.732Z] > git for-each-ref --sort -committerdate --format %(refname) %(objectname) %(*objectname) [6ms]
[2022-03-27T23:28:06.808Z] > git config --get commit.template [2ms]
[2022-03-27T23:28:11.879Z] > git symbolic-ref --short HEAD [1ms]
[2022-03-27T23:28:11.885Z] > git for-each-ref --format=%(refname)%00%(upstream:short)%00%(objectname)%00%(upstream:track) refs/heads/master refs/remotes/master [0ms]
[2022-03-27T23:28:11.916Z] > git for-each-ref --sort -committerdate --format %(refname) %(objectname) %(*objectname) [7ms]
[2022-03-27T23:28:11.916Z] > git remote --verbose [2ms]
[2022-03-27T23:28:11.985Z] > git config --get commit.template [1ms]
[2022-03-27T23:28:17.063Z] > git symbolic-ref --short HEAD [1ms]
[2022-03-27T23:28:17.081Z] > git for-each-ref --format=%(refname)%00%(upstream:short)%00%(objectname)%00%(upstream:track) refs/heads/master refs/remotes/master [5ms]
[2022-03-27T23:28:17.103Z] > git remote --verbose [1ms]
[2022-03-27T23:28:17.103Z] > git for-each-ref --sort -committerdate --format %(refname) %(objectname) %(*objectname) [6ms]
[2022-03-27T23:28:17.186Z] > git config --get commit.template [2ms]
[2022-03-27T23:28:22.257Z] > git symbolic-ref --short HEAD [1ms]
[2022-03-27T23:28:22.266Z] > git for-each-ref --format=%(refname)%00%(upstream:short)%00%(objectname)%00%(upstream:track) refs/heads/master refs/remotes/master [1ms]
[2022-03-27T23:28:22.298Z] > git remote --verbose [2ms]
[2022-03-27T23:28:22.298Z] > git for-each-ref --sort -committerdate --format %(refname) %(objectname) %(*objectname) [8ms]
[2022-03-27T23:28:22.384Z] > git config --get commit.template [4ms]
[2022-03-27T23:28:27.457Z] > git symbolic-ref --short HEAD [1ms]
[2022-03-27T23:28:27.463Z] > git for-each-ref --format=%(refname)%00%(upstream:short)%00%(objectname)%00%(upstream:track) refs/heads/master refs/remotes/master [1ms]
[2022-03-27T23:28:27.493Z] > git for-each-ref --sort -committerdate --format %(refname) %(objectname) %(*objectname) [5ms]
[2022-03-27T23:28:27.493Z] > git remote --verbose [1ms]
[2022-03-27T23:28:27.570Z] > git config --get commit.template [1ms]
[2022-03-27T23:28:32.810Z] > git symbolic-ref --short HEAD [1ms]
[2022-03-27T23:28:32.817Z] > git for-each-ref --format=%(refname)%00%(upstream:short)%00%(objectname)%00%(upstream:track) refs/heads/master refs/remotes/master [1ms]
[2022-03-27T23:28:32.827Z] > git remote --verbose [1ms]
[2022-03-27T23:28:32.827Z] > git for-each-ref --sort -committerdate --format %(refname) %(objectname) %(*objectname) [5ms]
[2022-03-27T23:28:32.900Z] > git config --get commit.template [3ms]
[2022-03-27T23:28:38.135Z] > git symbolic-ref --short HEAD [1ms]
[2022-03-27T23:28:38.142Z] > git for-each-ref --format=%(refname)%00%(upstream:short)%00%(objectname)%00%(upstream:track) refs/heads/master refs/remotes/master [1ms]
[2022-03-27T23:28:38.151Z] > git remote --verbose [1ms]
[2022-03-27T23:28:38.152Z] > git for-each-ref --sort -committerdate --format %(refname) %(objectname) %(*objectname) [6ms]
[2022-03-27T23:28:38.231Z] > git config --get commit.template [2ms]
[2022-03-27T23:28:43.568Z] > git symbolic-ref --short HEAD [1ms]
[2022-03-27T23:28:43.575Z] > git for-each-ref --format=%(refname)%00%(upstream:short)%00%(objectname)%00%(upstream:track) refs/heads/master refs/remotes/master [1ms]
[2022-03-27T23:28:43.586Z] > git remote --verbose [1ms]
[2022-03-27T23:28:43.587Z] > git for-each-ref --sort -committerdate --format %(refname) %(objectname) %(*objectname) [7ms]
[2022-03-27T23:28:43.668Z] > git config --get commit.template [12ms]
[2022-03-27T23:28:48.769Z] > git symbolic-ref --short HEAD [1ms]
[2022-03-27T23:28:48.779Z] > git for-each-ref --format=%(refname)%00%(upstream:short)%00%(objectname)%00%(upstream:track) refs/heads/master refs/remotes/master [1ms]
[2022-03-27T23:28:48.817Z] > git remote --verbose [1ms]
[2022-03-27T23:28:48.818Z] > git for-each-ref --sort -committerdate --format %(refname) %(objectname) %(*objectname) [7ms]
[2022-03-27T23:28:48.922Z] > git config --get commit.template [7ms]
[2022-03-27T23:28:54.007Z] > git symbolic-ref --short HEAD [1ms]
[2022-03-27T23:28:54.017Z] > git for-each-ref --format=%(refname)%00%(upstream:short)%00%(objectname)%00%(upstream:track) refs/heads/master refs/remotes/master [1ms]
[2022-03-27T23:28:54.038Z] > git remote --verbose [1ms]
[2022-03-27T23:28:54.039Z] > git for-each-ref --sort -committerdate --format %(refname) %(objectname) %(*objectname) [8ms]
[2022-03-27T23:28:54.138Z] > git config --get commit.template [4ms]
[2022-03-27T23:28:59.224Z] > git symbolic-ref --short HEAD [1ms]
[2022-03-27T23:28:59.233Z] > git for-each-ref --format=%(refname)%00%(upstream:short)%00%(objectname)%00%(upstream:track) refs/heads/master refs/remotes/master [1ms]
[2022-03-27T23:28:59.255Z] > git remote --verbose [1ms]
[2022-03-27T23:28:59.255Z] > git for-each-ref --sort -committerdate --format %(refname) %(objectname) %(*objectname) [8ms]
[2022-03-27T23:28:59.347Z] > git config --get commit.template [2ms]
[2022-03-27T23:29:04.956Z] > git symbolic-ref --short HEAD [1ms]
[2022-03-27T23:29:04.965Z] > git for-each-ref --format=%(refname)%00%(upstream:short)%00%(objectname)%00%(upstream:track) refs/heads/master refs/remotes/master [1ms]
[2022-03-27T23:29:04.990Z] > git remote --verbose [1ms]
[2022-03-27T23:29:04.990Z] > git for-each-ref --sort -committerdate --format %(refname) %(objectname) %(*objectname) [13ms]
[2022-03-27T23:29:05.091Z] > git config --get commit.template [1ms]
[2022-03-27T23:29:11.253Z] > git symbolic-ref --short HEAD [1ms]
[2022-03-27T23:29:11.259Z] > git for-each-ref --format=%(refname)%00%(upstream:short)%00%(objectname)%00%(upstream:track) refs/heads/master refs/remotes/master [0ms]
[2022-03-27T23:29:11.272Z] > git remote --verbose [1ms]
[2022-03-27T23:29:11.272Z] > git for-each-ref --sort -committerdate --format %(refname) %(objectname) %(*objectname) [7ms]
[2022-03-27T23:29:11.372Z] > git config --get commit.template [10ms]
[2022-03-27T23:30:07.830Z] > git symbolic-ref --short HEAD [1ms]
[2022-03-27T23:30:07.836Z] > git for-each-ref --format=%(refname)%00%(upstream:short)%00%(objectname)%00%(upstream:track) refs/heads/master refs/remotes/master [1ms]
[2022-03-27T23:30:07.849Z] > git for-each-ref --sort -committerdate --format %(refname) %(objectname) %(*objectname) [9ms]
[2022-03-27T23:30:07.850Z] > git remote --verbose [4ms]
[2022-03-27T23:30:07.955Z] > git config --get commit.template [2ms]
[2022-03-27T23:31:32.369Z] > git symbolic-ref --short HEAD [3ms]
[2022-03-27T23:31:32.377Z] > git for-each-ref --format=%(refname)%00%(upstream:short)%00%(objectname)%00%(upstream:track) refs/heads/master refs/remotes/master [1ms]
[2022-03-27T23:31:32.390Z] > git remote --verbose [2ms]
[2022-03-27T23:31:32.390Z] > git for-each-ref --sort -committerdate --format %(refname) %(objectname) %(*objectname) [5ms]
[2022-03-27T23:31:32.520Z] > git config --get commit.template [1ms]
[2022-03-27T23:31:42.387Z] > git symbolic-ref --short HEAD [1ms]
[2022-03-27T23:31:42.394Z] > git for-each-ref --format=%(refname)%00%(upstream:short)%00%(objectname)%00%(upstream:track) refs/heads/master refs/remotes/master [1ms]
[2022-03-27T23:31:42.405Z] > git remote --verbose [1ms]
[2022-03-27T23:31:42.405Z] > git for-each-ref --sort -committerdate --format %(refname) %(objectname) %(*objectname) [6ms]
[2022-03-27T23:31:42.516Z] > git config --get commit.template [9ms]
[2022-03-27T23:33:10.134Z] > git symbolic-ref --short HEAD [2ms]
[2022-03-27T23:33:10.146Z] > git for-each-ref --format=%(refname)%00%(upstream:short)%00%(objectname)%00%(upstream:track) refs/heads/master refs/remotes/master [1ms]
[2022-03-27T23:33:10.166Z] > git remote --verbose [3ms]
[2022-03-27T23:33:10.166Z] > git for-each-ref --sort -committerdate --format %(refname) %(objectname) %(*objectname) [13ms]
[2022-03-27T23:33:13.447Z] > git config --get commit.template [25ms]
[2022-03-27T23:33:18.681Z] > git symbolic-ref --short HEAD [2ms]
[2022-03-27T23:33:18.691Z] > git for-each-ref --format=%(refname)%00%(upstream:short)%00%(objectname)%00%(upstream:track) refs/heads/master refs/remotes/master [1ms]
[2022-03-27T23:33:18.705Z] > git for-each-ref --sort -committerdate --format %(refname) %(objectname) %(*objectname) [7ms]
[2022-03-27T23:33:18.706Z] > git remote --verbose [2ms]
[2022-03-27T23:33:18.805Z] > git config --get commit.template [1ms]
[2022-03-27T23:35:50.117Z] > git symbolic-ref --short HEAD [1ms]
[2022-03-27T23:35:50.123Z] > git for-each-ref --format=%(refname)%00%(upstream:short)%00%(objectname)%00%(upstream:track) refs/heads/master refs/remotes/master [1ms]
[2022-03-27T23:35:50.132Z] > git remote --verbose [1ms]
[2022-03-27T23:35:50.133Z] > git for-each-ref --sort -committerdate --format %(refname) %(objectname) %(*objectname) [5ms]
[2022-03-27T23:35:50.249Z] > git config --get commit.template [11ms]
[2022-03-27T23:35:55.332Z] > git symbolic-ref --short HEAD [1ms]
[2022-03-27T23:35:55.340Z] > git for-each-ref --format=%(refname)%00%(upstream:short)%00%(objectname)%00%(upstream:track) refs/heads/master refs/remotes/master [1ms]
[2022-03-27T23:35:55.359Z] > git remote --verbose [3ms]
[2022-03-27T23:35:55.359Z] > git for-each-ref --sort -committerdate --format %(refname) %(objectname) %(*objectname) [11ms]
[2022-03-27T23:35:55.499Z] > git config --get commit.template [10ms]
[2022-03-27T23:36:00.580Z] > git symbolic-ref --short HEAD [1ms]
[2022-03-27T23:36:00.586Z] > git for-each-ref --format=%(refname)%00%(upstream:short)%00%(objectname)%00%(upstream:track) refs/heads/master refs/remotes/master [0ms]
[2022-03-27T23:36:00.595Z] > git remote --verbose [1ms]
[2022-03-27T23:36:00.596Z] > git for-each-ref --sort -committerdate --format %(refname) %(objectname) %(*objectname) [6ms]
[2022-03-27T23:36:00.669Z] > git config --get commit.template [2ms]
[2022-03-27T23:40:32.913Z] > git symbolic-ref --short HEAD [0ms]
[2022-03-27T23:40:32.919Z] > git for-each-ref --format=%(refname)%00%(upstream:short)%00%(objectname)%00%(upstream:track) refs/heads/master refs/remotes/master [1ms]
[2022-03-27T23:40:32.931Z] > git remote --verbose [2ms]
[2022-03-27T23:40:32.931Z] > git for-each-ref --sort -committerdate --format %(refname) %(objectname) %(*objectname) [7ms]
[2022-03-27T23:40:35.774Z] > git config --get commit.template [2703ms]
[2022-03-27T23:40:40.836Z] > git symbolic-ref --short HEAD [0ms]
[2022-03-27T23:40:40.843Z] > git for-each-ref --format=%(refname)%00%(upstream:short)%00%(objectname)%00%(upstream:track) refs/heads/master refs/remotes/master [1ms]
[2022-03-27T23:40:40.852Z] > git remote --verbose [1ms]
[2022-03-27T23:40:40.852Z] > git for-each-ref --sort -committerdate --format %(refname) %(objectname) %(*objectname) [5ms]
[2022-03-27T23:40:40.937Z] > git config --get commit.template [1ms]
[2022-03-27T23:40:55.373Z] > git symbolic-ref --short HEAD [3ms]
[2022-03-27T23:40:55.383Z] > git for-each-ref --format=%(refname)%00%(upstream:short)%00%(objectname)%00%(upstream:track) refs/heads/master refs/remotes/master [2ms]
[2022-03-27T23:40:55.401Z] > git remote --verbose [2ms]
[2022-03-27T23:40:55.401Z] > git for-each-ref --sort -committerdate --format %(refname) %(objectname) %(*objectname) [11ms]
[2022-03-27T23:40:58.698Z] > git config --get commit.template [124ms]
[2022-03-27T23:41:03.833Z] > git symbolic-ref --short HEAD [2ms]
[2022-03-27T23:41:03.847Z] > git for-each-ref --format=%(refname)%00%(upstream:short)%00%(objectname)%00%(upstream:track) refs/heads/master refs/remotes/master [2ms]
[2022-03-27T23:41:03.865Z] > git remote --verbose [0ms]
[2022-03-27T23:41:03.866Z] > git for-each-ref --sort -committerdate --format %(refname) %(objectname) %(*objectname) [7ms]
[2022-03-27T23:41:07.230Z] > git config --get commit.template [3218ms]
[2022-03-27T23:41:21.852Z] > git symbolic-ref --short HEAD [2ms]
[2022-03-27T23:41:21.870Z] > git for-each-ref --format=%(refname)%00%(upstream:short)%00%(objectname)%00%(upstream:track) refs/heads/master refs/remotes/master [4ms]
[2022-03-27T23:41:21.899Z] > git for-each-ref --sort -committerdate --format %(refname) %(objectname) %(*objectname) [17ms]
[2022-03-27T23:41:21.900Z] > git remote --verbose [3ms]
[2022-03-27T23:41:25.180Z] > git config --get commit.template [3155ms]
[2022-03-27T23:41:30.277Z] > git symbolic-ref --short HEAD [1ms]
[2022-03-27T23:41:30.282Z] > git for-each-ref --format=%(refname)%00%(upstream:short)%00%(objectname)%00%(upstream:track) refs/heads/master refs/remotes/master [0ms]
[2022-03-27T23:41:30.296Z] > git remote --verbose [1ms]
[2022-03-27T23:41:30.297Z] > git for-each-ref --sort -committerdate --format %(refname) %(objectname) %(*objectname) [7ms]
[2022-03-27T23:41:30.383Z] > git config --get commit.template [1ms]
[2022-03-27T23:41:35.882Z] > git symbolic-ref --short HEAD [1ms]
[2022-03-27T23:41:35.892Z] > git for-each-ref --format=%(refname)%00%(upstream:short)%00%(objectname)%00%(upstream:track) refs/heads/master refs/remotes/master [2ms]
[2022-03-27T23:41:35.913Z] > git for-each-ref --sort -committerdate --format %(refname) %(objectname) %(*objectname) [9ms]
[2022-03-27T23:41:35.913Z] > git remote --verbose [1ms]
[2022-03-27T23:41:39.335Z] > git config --get commit.template [3276ms]
[2022-03-27T23:41:44.411Z] > git symbolic-ref --short HEAD [0ms]
[2022-03-27T23:41:44.417Z] > git for-each-ref --format=%(refname)%00%(upstream:short)%00%(objectname)%00%(upstream:track) refs/heads/master refs/remotes/master [1ms]
[2022-03-27T23:41:44.427Z] > git remote --verbose [1ms]
[2022-03-27T23:41:44.427Z] > git for-each-ref --sort -committerdate --format %(refname) %(objectname) %(*objectname) [5ms]
[2022-03-27T23:41:44.504Z] > git config --get commit.template [5ms]
[2022-03-27T23:41:49.570Z] > git symbolic-ref --short HEAD [1ms]
[2022-03-27T23:41:49.576Z] > git for-each-ref --format=%(refname)%00%(upstream:short)%00%(objectname)%00%(upstream:track) refs/heads/master refs/remotes/master [0ms]
[2022-03-27T23:41:49.589Z] > git remote --verbose [1ms]
[2022-03-27T23:41:49.589Z] > git for-each-ref --sort -committerdate --format %(refname) %(objectname) %(*objectname) [8ms]
[2022-03-27T23:41:49.682Z] > git config --get commit.template [3ms]
[2022-03-27T23:41:54.756Z] > git symbolic-ref --short HEAD [1ms]
[2022-03-27T23:41:54.763Z] > git for-each-ref --format=%(refname)%00%(upstream:short)%00%(objectname)%00%(upstream:track) refs/heads/master refs/remotes/master [2ms]
[2022-03-27T23:41:54.773Z] > git remote --verbose [1ms]
[2022-03-27T23:41:54.773Z] > git for-each-ref --sort -committerdate --format %(refname) %(objectname) %(*objectname) [5ms]
[2022-03-27T23:41:54.863Z] > git config --get commit.template [4ms]
[2022-03-27T23:42:02.255Z] > git symbolic-ref --short HEAD [1ms]
[2022-03-27T23:42:02.262Z] > git for-each-ref --format=%(refname)%00%(upstream:short)%00%(objectname)%00%(upstream:track) refs/heads/master refs/remotes/master [1ms]
[2022-03-27T23:42:02.273Z] > git for-each-ref --sort -committerdate --format %(refname) %(objectname) %(*objectname) [6ms]
[2022-03-27T23:42:02.273Z] > git remote --verbose [1ms]
[2022-03-27T23:42:02.354Z] > git config --get commit.template [1ms]
[2022-03-27T23:42:07.754Z] > git symbolic-ref --short HEAD [1ms]
[2022-03-27T23:42:07.761Z] > git for-each-ref --format=%(refname)%00%(upstream:short)%00%(objectname)%00%(upstream:track) refs/heads/master refs/remotes/master [0ms]
[2022-03-27T23:42:07.773Z] > git remote --verbose [1ms]
[2022-03-27T23:42:07.774Z] > git for-each-ref --sort -committerdate --format %(refname) %(objectname) %(*objectname) [7ms]
[2022-03-27T23:42:07.857Z] > git config --get commit.template [1ms]
[2022-03-27T23:42:14.663Z] > git symbolic-ref --short HEAD [1ms]
[2022-03-27T23:42:14.673Z] > git for-each-ref --format=%(refname)%00%(upstream:short)%00%(objectname)%00%(upstream:track) refs/heads/master refs/remotes/master [1ms]
[2022-03-27T23:42:14.687Z] > git remote --verbose [2ms]
[2022-03-27T23:42:14.687Z] > git for-each-ref --sort -committerdate --format %(refname) %(objectname) %(*objectname) [8ms]
[2022-03-27T23:42:14.786Z] > git config --get commit.template [6ms]
[2022-03-27T23:42:21.445Z] > git symbolic-ref --short HEAD [1ms]
[2022-03-27T23:42:21.452Z] > git for-each-ref --format=%(refname)%00%(upstream:short)%00%(objectname)%00%(upstream:track) refs/heads/master refs/remotes/master [0ms]
[2022-03-27T23:42:21.463Z] > git remote --verbose [1ms]
[2022-03-27T23:42:21.463Z] > git for-each-ref --sort -committerdate --format %(refname) %(objectname) %(*objectname) [6ms]
[2022-03-27T23:42:21.544Z] > git config --get commit.template [1ms]
[2022-03-27T23:42:28.244Z] > git symbolic-ref --short HEAD [1ms]
[2022-03-27T23:42:28.257Z] > git for-each-ref --format=%(refname)%00%(upstream:short)%00%(objectname)%00%(upstream:track) refs/heads/master refs/remotes/master [2ms]
[2022-03-27T23:42:28.276Z] > git remote --verbose [1ms]
[2022-03-27T23:42:28.276Z] > git for-each-ref --sort -committerdate --format %(refname) %(objectname) %(*objectname) [11ms]
[2022-03-27T23:42:31.315Z] > git config --get commit.template [2949ms]
[2022-03-27T23:42:36.404Z] > git symbolic-ref --short HEAD [1ms]
[2022-03-27T23:42:36.413Z] > git for-each-ref --format=%(refname)%00%(upstream:short)%00%(objectname)%00%(upstream:track) refs/heads/master refs/remotes/master [1ms]
[2022-03-27T23:42:36.429Z] > git remote --verbose [2ms]
[2022-03-27T23:42:36.429Z] > git for-each-ref --sort -committerdate --format %(refname) %(objectname) %(*objectname) [9ms]
[2022-03-27T23:42:36.506Z] > git config --get commit.template [1ms]
[2022-03-27T23:42:41.579Z] > git symbolic-ref --short HEAD [1ms]
[2022-03-27T23:42:41.588Z] > git for-each-ref --format=%(refname)%00%(upstream:short)%00%(objectname)%00%(upstream:track) refs/heads/master refs/remotes/master [1ms]
[2022-03-27T23:42:41.616Z] > git for-each-ref --sort -committerdate --format %(refname) %(objectname) %(*objectname) [6ms]
[2022-03-27T23:42:41.616Z] > git remote --verbose [1ms]
[2022-03-27T23:42:41.695Z] > git config --get commit.template [1ms]
[2022-03-27T23:42:46.768Z] > git symbolic-ref --short HEAD [1ms]
[2022-03-27T23:42:46.777Z] > git for-each-ref --format=%(refname)%00%(upstream:short)%00%(objectname)%00%(upstream:track) refs/heads/master refs/remotes/master [1ms]
[2022-03-27T23:42:46.814Z] > git remote --verbose [1ms]
[2022-03-27T23:42:46.814Z] > git for-each-ref --sort -committerdate --format %(refname) %(objectname) %(*objectname) [6ms]
[2022-03-27T23:42:46.887Z] > git config --get commit.template [1ms]
[2022-03-27T23:42:56.642Z] > git symbolic-ref --short HEAD [1ms]
[2022-03-27T23:42:56.650Z] > git for-each-ref --format=%(refname)%00%(upstream:short)%00%(objectname)%00%(upstream:track) refs/heads/master refs/remotes/master [1ms]
[2022-03-27T23:42:56.663Z] > git remote --verbose [1ms]
[2022-03-27T23:42:56.664Z] > git for-each-ref --sort -committerdate --format %(refname) %(objectname) %(*objectname) [7ms]
[2022-03-27T23:42:56.761Z] > git config --get commit.template [1ms]
[2022-03-27T23:43:01.856Z] > git symbolic-ref --short HEAD [0ms]
[2022-03-27T23:43:01.862Z] > git for-each-ref --format=%(refname)%00%(upstream:short)%00%(objectname)%00%(upstream:track) refs/heads/master refs/remotes/master [0ms]
[2022-03-27T23:43:01.880Z] > git remote --verbose [1ms]
[2022-03-27T23:43:01.881Z] > git for-each-ref --sort -committerdate --format %(refname) %(objectname) %(*objectname) [9ms]
[2022-03-27T23:43:01.986Z] > git config --get commit.template [8ms]
[2022-03-27T23:43:07.069Z] > git symbolic-ref --short HEAD [1ms]
[2022-03-27T23:43:07.076Z] > git for-each-ref --format=%(refname)%00%(upstream:short)%00%(objectname)%00%(upstream:track) refs/heads/master refs/remotes/master [1ms]
[2022-03-27T23:43:07.088Z] > git remote --verbose [1ms]
[2022-03-27T23:43:07.088Z] > git for-each-ref --sort -committerdate --format %(refname) %(objectname) %(*objectname) [6ms]
[2022-03-27T23:43:07.177Z] > git config --get commit.template [8ms]
[2022-03-27T23:43:14.298Z] > git symbolic-ref --short HEAD [1ms]
[2022-03-27T23:43:14.305Z] > git for-each-ref --format=%(refname)%00%(upstream:short)%00%(objectname)%00%(upstream:track) refs/heads/master refs/remotes/master [1ms]
[2022-03-27T23:43:14.318Z] > git remote --verbose [1ms]
[2022-03-27T23:43:14.318Z] > git for-each-ref --sort -committerdate --format %(refname) %(objectname) %(*objectname) [8ms]
[2022-03-27T23:43:14.407Z] > git config --get commit.template [13ms]
[2022-03-27T23:43:19.519Z] > git symbolic-ref --short HEAD [1ms]
[2022-03-27T23:43:19.525Z] > git for-each-ref --format=%(refname)%00%(upstream:short)%00%(objectname)%00%(upstream:track) refs/heads/master refs/remotes/master [0ms]
[2022-03-27T23:43:19.538Z] > git remote --verbose [1ms]
[2022-03-27T23:43:19.538Z] > git for-each-ref --sort -committerdate --format %(refname) %(objectname) %(*objectname) [7ms]
[2022-03-27T23:43:19.613Z] > git config --get commit.template [11ms]
[2022-03-27T23:43:24.681Z] > git symbolic-ref --short HEAD [1ms]
[2022-03-27T23:43:24.688Z] > git for-each-ref --format=%(refname)%00%(upstream:short)%00%(objectname)%00%(upstream:track) refs/heads/master refs/remotes/master [1ms]
[2022-03-27T23:43:24.698Z] > git remote --verbose [1ms]
[2022-03-27T23:43:24.698Z] > git for-each-ref --sort -committerdate --format %(refname) %(objectname) %(*objectname) [5ms]
[2022-03-27T23:43:27.176Z] > git config --get commit.template [32ms]
[2022-03-27T23:43:32.268Z] > git symbolic-ref --short HEAD [1ms]
[2022-03-27T23:43:32.275Z] > git for-each-ref --format=%(refname)%00%(upstream:short)%00%(objectname)%00%(upstream:track) refs/heads/master refs/remotes/master [1ms]
[2022-03-27T23:43:32.285Z] > git for-each-ref --sort -committerdate --format %(refname) %(objectname) %(*objectname) [5ms]
[2022-03-27T23:43:32.285Z] > git remote --verbose [1ms]
[2022-03-27T23:43:32.360Z] > git config --get commit.template [1ms]
[2022-03-27T23:43:37.443Z] > git symbolic-ref --short HEAD [1ms]
[2022-03-27T23:43:37.450Z] > git for-each-ref --format=%(refname)%00%(upstream:short)%00%(objectname)%00%(upstream:track) refs/heads/master refs/remotes/master [0ms]
[2022-03-27T23:43:37.483Z] > git remote --verbose [1ms]
[2022-03-27T23:43:37.483Z] > git for-each-ref --sort -committerdate --format %(refname) %(objectname) %(*objectname) [6ms]
[2022-03-27T23:43:37.630Z] > git config --get commit.template [4ms]
[2022-03-27T23:43:42.728Z] > git symbolic-ref --short HEAD [1ms]
[2022-03-27T23:43:42.735Z] > git for-each-ref --format=%(refname)%00%(upstream:short)%00%(objectname)%00%(upstream:track) refs/heads/master refs/remotes/master [1ms]
[2022-03-27T23:43:42.778Z] > git remote --verbose [1ms]
[2022-03-27T23:43:42.778Z] > git for-each-ref --sort -committerdate --format %(refname) %(objectname) %(*objectname) [7ms]
[2022-03-27T23:43:45.238Z] > git config --get commit.template [34ms]
[2022-03-27T23:43:50.386Z] > git symbolic-ref --short HEAD [1ms]
[2022-03-27T23:43:50.393Z] > git for-each-ref --format=%(refname)%00%(upstream:short)%00%(objectname)%00%(upstream:track) refs/heads/master refs/remotes/master [1ms]
[2022-03-27T23:43:50.404Z] > git for-each-ref --sort -committerdate --format %(refname) %(objectname) %(*objectname) [6ms]
[2022-03-27T23:43:50.404Z] > git remote --verbose [1ms]
[2022-03-27T23:43:50.478Z] > git config --get commit.template [1ms]
[2022-03-27T23:44:07.643Z] > git symbolic-ref --short HEAD [1ms]
[2022-03-27T23:44:07.653Z] > git for-each-ref --format=%(refname)%00%(upstream:short)%00%(objectname)%00%(upstream:track) refs/heads/master refs/remotes/master [1ms]
[2022-03-27T23:44:07.671Z] > git remote --verbose [1ms]
[2022-03-27T23:44:07.671Z] > git for-each-ref --sort -committerdate --format %(refname) %(objectname) %(*objectname) [11ms]
[2022-03-27T23:44:07.787Z] > git config --get commit.template [1ms]
[2022-03-27T23:44:12.861Z] > git symbolic-ref --short HEAD [0ms]
[2022-03-27T23:44:12.871Z] > git for-each-ref --format=%(refname)%00%(upstream:short)%00%(objectname)%00%(upstream:track) refs/heads/master refs/remotes/master [2ms]
[2022-03-27T23:44:12.889Z] > git remote --verbose [1ms]
[2022-03-27T23:44:12.889Z] > git for-each-ref --sort -committerdate --format %(refname) %(objectname) %(*objectname) [7ms]
[2022-03-27T23:44:16.044Z] > git config --get commit.template [3040ms]
[2022-03-27T23:44:36.361Z] > git log --format=%H%n%aN%n%aE%n%at%n%ct%n%P%n%B -z -n21 -- /home/exit/historia.txt [14ms]
[2022-03-27T23:44:36.361Z] fatal: your current branch 'master' does not have any commits yet
[2022-03-27T23:44:36.444Z] > git symbolic-ref --short HEAD [2ms]
[2022-03-27T23:44:36.452Z] > git for-each-ref --format=%(refname)%00%(upstream:short)%00%(objectname)%00%(upstream:track) refs/heads/master refs/remotes/master [1ms]
[2022-03-27T23:44:36.463Z] > git remote --verbose [1ms]
[2022-03-27T23:44:36.463Z] > git for-each-ref --sort -committerdate --format %(refname) %(objectname) %(*objectname) [6ms]
[2022-03-27T23:44:36.589Z] > git config --get commit.template [9ms]
[2022-03-27T23:44:39.398Z] > git ls-files --stage -- /home/exit/historia.txt [36ms]
[2022-03-27T23:44:39.840Z] > git log --format=%H%n%aN%n%aE%n%at%n%ct%n%P%n%B -z -n21 -- /home/exit/index.html [3ms]
[2022-03-27T23:44:39.840Z] fatal: your current branch 'master' does not have any commits yet
[2022-03-27T23:44:40.027Z] > git ls-files --stage -- /home/exit/index.html [1ms]
[2022-03-27T23:44:41.657Z] > git symbolic-ref --short HEAD [1ms]
[2022-03-27T23:44:41.663Z] > git for-each-ref --format=%(refname)%00%(upstream:short)%00%(objectname)%00%(upstream:track) refs/heads/master refs/remotes/master [1ms]
[2022-03-27T23:44:41.673Z] > git remote --verbose [1ms]
[2022-03-27T23:44:41.673Z] > git for-each-ref --sort -committerdate --format %(refname) %(objectname) %(*objectname) [5ms]
[2022-03-27T23:44:41.746Z] > git config --get commit.template [8ms]
[2022-03-27T23:44:52.706Z] > git symbolic-ref --short HEAD [1ms]
[2022-03-27T23:44:52.712Z] > git for-each-ref --format=%(refname)%00%(upstream:short)%00%(objectname)%00%(upstream:track) refs/heads/master refs/remotes/master [0ms]
[2022-03-27T23:44:52.722Z] > git for-each-ref --sort -committerdate --format %(refname) %(objectname) %(*objectname) [5ms]
[2022-03-27T23:44:52.722Z] > git remote --verbose [1ms]
[2022-03-27T23:44:52.817Z] > git config --get commit.template [6ms]
[2022-03-27T23:44:57.903Z] > git symbolic-ref --short HEAD [1ms]
[2022-03-27T23:44:57.913Z] > git for-each-ref --format=%(refname)%00%(upstream:short)%00%(objectname)%00%(upstream:track) refs/heads/master refs/remotes/master [1ms]
[2022-03-27T23:44:57.929Z] > git remote --verbose [2ms]
[2022-03-27T23:44:57.929Z] > git for-each-ref --sort -committerdate --format %(refname) %(objectname) %(*objectname) [9ms]
[2022-03-27T23:44:58.022Z] > git config --get commit.template [2ms]
[2022-03-27T23:45:06.774Z] > git symbolic-ref --short HEAD [2ms]
[2022-03-27T23:45:06.783Z] > git for-each-ref --format=%(refname)%00%(upstream:short)%00%(objectname)%00%(upstream:track) refs/heads/master refs/remotes/master [1ms]
[2022-03-27T23:45:06.799Z] > git remote --verbose [1ms]
[2022-03-27T23:45:06.799Z] > git for-each-ref --sort -committerdate --format %(refname) %(objectname) %(*objectname) [10ms]
[2022-03-27T23:45:06.890Z] > git config --get commit.template [2ms]
[2022-03-27T23:45:13.310Z] > git symbolic-ref --short HEAD [2ms]
[2022-03-27T23:45:13.321Z] > git for-each-ref --format=%(refname)%00%(upstream:short)%00%(objectname)%00%(upstream:track) refs/heads/master refs/remotes/master [1ms]
[2022-03-27T23:45:13.395Z] > git remote --verbose [2ms]
[2022-03-27T23:45:13.396Z] > git for-each-ref --sort -committerdate --format %(refname) %(objectname) %(*objectname) [66ms]
[2022-03-27T23:45:13.515Z] > git config --get commit.template [6ms]
