0 info it worked if it ends with ok
1 verbose cli [ '/usr/bin/node', '/usr/bin/npm', 'start' ]
2 info using npm@6.14.16
3 info using node@v14.19.0
4 verbose run-script [ 'prestart', 'start', 'poststart' ]
5 info lifecycle test@0.1.0~prestart: test@0.1.0
6 info lifecycle test@0.1.0~start: test@0.1.0
7 verbose lifecycle test@0.1.0~start: unsafe-perm in lifecycle true
8 verbose lifecycle test@0.1.0~start: PATH: /usr/lib/node_modules/npm/node_modules/npm-lifecycle/node-gyp-bin:/home/exit/PersonalProjects/test/node_modules/.bin:/usr/local/sbin:/usr/local/bin:/usr/sbin:/usr/bin:/sbin:/bin:/usr/games:/usr/local/games:/usr/lib/wsl/lib:/mnt/c/windows/system32:/mnt/c/windows:/mnt/c/windows/System32/Wbem:/mnt/c/windows/System32/WindowsPowerShell/v1.0/:/mnt/c/windows/System32/OpenSSH/:/mnt/c/Program Files (x86)/NVIDIA Corporation/PhysX/Common:/mnt/c/Program Files/NVIDIA Corporation/NVIDIA NvDLISR:/mnt/c/WINDOWS/system32:/mnt/c/WINDOWS:/mnt/c/WINDOWS/System32/Wbem:/mnt/c/WINDOWS/System32/WindowsPowerShell/v1.0/:/mnt/c/WINDOWS/System32/OpenSSH/:/mnt/c/Users/OvanL/AppData/Local/Microsoft/WindowsApps:/mnt/c/Users/OvanL/AppData/Local/Microsoft/WindowsApps:/mnt/c/Users/OvanL/AppData/Local/Programs/Microsoft VS Code/bin:/snap/bin
9 verbose lifecycle test@0.1.0~start: CWD: /home/exit/PersonalProjects/test
10 silly lifecycle test@0.1.0~start: Args: [ '-c', 'react-scripts start' ]
11 silly lifecycle test@0.1.0~start: Returned: code: 1  signal: null
12 info lifecycle test@0.1.0~start: Failed to exec start script
13 verbose stack Error: test@0.1.0 start: `react-scripts start`
13 verbose stack Exit status 1
13 verbose stack     at EventEmitter.<anonymous> (/usr/lib/node_modules/npm/node_modules/npm-lifecycle/index.js:332:16)
13 verbose stack     at EventEmitter.emit (events.js:400:28)
13 verbose stack     at ChildProcess.<anonymous> (/usr/lib/node_modules/npm/node_modules/npm-lifecycle/lib/spawn.js:55:14)
13 verbose stack     at ChildProcess.emit (events.js:400:28)
13 verbose stack     at maybeClose (internal/child_process.js:1058:16)
13 verbose stack     at Process.ChildProcess._handle.onexit (internal/child_process.js:293:5)
14 verbose pkgid test@0.1.0
15 verbose cwd /home/exit/PersonalProjects/test
16 verbose Linux 5.10.16.3-microsoft-standard-WSL2
17 verbose argv "/usr/bin/node" "/usr/bin/npm" "start"
18 verbose node v14.19.0
19 verbose npm  v6.14.16
20 error code ELIFECYCLE
21 error errno 1
22 error test@0.1.0 start: `react-scripts start`
22 error Exit status 1
23 error Failed at the test@0.1.0 start script.
23 error This is probably not a problem with npm. There is likely additional logging output above.
24 verbose exit [ 1, true ]
