[2022-03-27 18:20:32.227] [exthost] [info] Extension host with pid 873 started
[2022-03-27 18:20:32.267] [exthost] [info] Lock '/home/exit/.vscode-server/data/User/workspaceStorage/c3c182366def41a30eaee4713bab0ebd/vscode.lock': Lock acquired.
[2022-03-27 18:20:32.315] [exthost] [info] ExtensionService#_doActivateExtension vscode.debug-auto-launch, startup: true, activationEvent: '*'
[2022-03-27 18:20:32.321] [exthost] [info] ExtensionService#_doActivateExtension vscode.git-base, startup: true, activationEvent: '*', root cause: vscode.github
[2022-03-27 18:20:32.325] [exthost] [info] ExtensionService#_doActivateExtension christian-kohler.path-intellisense, startup: true, activationEvent: '*'
[2022-03-27 18:20:32.336] [exthost] [info] ExtensionService#_doActivateExtension naumovs.color-highlight, startup: true, activationEvent: '*'
[2022-03-27 18:20:32.430] [exthost] [info] ExtensionService#_doActivateExtension vscode.git, startup: true, activationEvent: '*'
[2022-03-27 18:20:32.529] [exthost] [info] ExtensionService#_doActivateExtension vscode.github, startup: true, activationEvent: '*'
[2022-03-27 18:20:32.637] [exthost] [info] ExtensionService#_doActivateExtension vscode.emmet, startup: false, activationEvent: 'onStartupFinished'
[2022-03-27 18:20:32.661] [exthost] [info] ExtensionService#_doActivateExtension vscode.merge-conflict, startup: false, activationEvent: 'onStartupFinished'
[2022-03-27 18:20:32.665] [exthost] [info] ExtensionService#_doActivateExtension esbenp.prettier-vscode, startup: false, activationEvent: 'onStartupFinished'
[2022-03-27 18:20:32.802] [exthost] [info] ExtensionService#_doActivateExtension ritwickdey.LiveServer, startup: false, activationEvent: 'onStartupFinished'
[2022-03-27 18:20:32.931] [exthost] [info] Eager extensions activated
[2022-03-27 18:20:33.334] [exthost] [warning] [Decorations] CAPPING events from decorations provider vscode.git 9087
[2022-03-27 18:20:38.429] [exthost] [warning] [Decorations] CAPPING events from decorations provider vscode.git 9087
[2022-03-27 18:20:56.079] [exthost] [warning] [Decorations] CAPPING events from decorations provider vscode.git 9087
[2022-03-27 18:21:03.959] [exthost] [warning] [Decorations] CAPPING events from decorations provider vscode.git 9079
[2022-03-27 18:21:30.193] [exthost] [warning] [Decorations] CAPPING events from decorations provider vscode.git 9079
[2022-03-27 18:21:46.878] [exthost] [warning] [Decorations] CAPPING events from decorations provider vscode.git 9079
[2022-03-27 18:21:52.096] [exthost] [warning] [Decorations] CAPPING events from decorations provider vscode.git 9079
[2022-03-27 18:21:57.301] [exthost] [warning] [Decorations] CAPPING events from decorations provider vscode.git 9079
[2022-03-27 18:22:03.479] [exthost] [warning] [Decorations] CAPPING events from decorations provider vscode.git 9079
[2022-03-27 18:23:10.062] [exthost] [warning] [Decorations] CAPPING events from decorations provider vscode.git 9079
[2022-03-27 18:23:18.090] [exthost] [warning] [Decorations] CAPPING events from decorations provider vscode.git 9079
[2022-03-27 18:23:23.299] [exthost] [warning] [Decorations] CAPPING events from decorations provider vscode.git 9079
[2022-03-27 18:25:24.941] [exthost] [warning] [Decorations] CAPPING events from decorations provider vscode.git 9079
[2022-03-27 18:25:30.126] [exthost] [warning] [Decorations] CAPPING events from decorations provider vscode.git 9079
[2022-03-27 18:25:35.316] [exthost] [warning] [Decorations] CAPPING events from decorations provider vscode.git 9079
[2022-03-27 18:25:40.515] [exthost] [warning] [Decorations] CAPPING events from decorations provider vscode.git 9079
[2022-03-27 18:25:45.709] [exthost] [warning] [Decorations] CAPPING events from decorations provider vscode.git 9079
[2022-03-27 18:25:50.910] [exthost] [warning] [Decorations] CAPPING events from decorations provider vscode.git 9079
[2022-03-27 18:25:56.120] [exthost] [warning] [Decorations] CAPPING events from decorations provider vscode.git 9079
[2022-03-27 18:26:01.323] [exthost] [warning] [Decorations] CAPPING events from decorations provider vscode.git 9079
[2022-03-27 18:26:07.556] [exthost] [warning] [Decorations] CAPPING events from decorations provider vscode.git 9079
[2022-03-27 18:26:15.580] [exthost] [warning] [Decorations] CAPPING events from decorations provider vscode.git 9079
[2022-03-27 18:26:20.739] [exthost] [warning] [Decorations] CAPPING events from decorations provider vscode.git 9079
[2022-03-27 18:26:27.731] [exthost] [warning] [Decorations] CAPPING events from decorations provider vscode.git 9079
[2022-03-27 18:26:32.950] [exthost] [warning] [Decorations] CAPPING events from decorations provider vscode.git 9079
[2022-03-27 18:26:38.137] [exthost] [warning] [Decorations] CAPPING events from decorations provider vscode.git 9079
[2022-03-27 18:26:43.307] [exthost] [warning] [Decorations] CAPPING events from decorations provider vscode.git 9080
[2022-03-27 18:26:48.491] [exthost] [warning] [Decorations] CAPPING events from decorations provider vscode.git 9080
[2022-03-27 18:26:53.662] [exthost] [warning] [Decorations] CAPPING events from decorations provider vscode.git 9080
[2022-03-27 18:26:56.095] [exthost] [info] ExtensionService#_doActivateExtension vscode.html-language-features, startup: false, activationEvent: 'onLanguage:html'
[2022-03-27 18:26:59.009] [exthost] [warning] [Decorations] CAPPING events from decorations provider vscode.git 9081
[2022-03-27 18:27:06.487] [exthost] [warning] [Decorations] CAPPING events from decorations provider vscode.git 9081
[2022-03-27 18:27:11.666] [exthost] [warning] [Decorations] CAPPING events from decorations provider vscode.git 9081
[2022-03-27 18:27:16.845] [exthost] [warning] [Decorations] CAPPING events from decorations provider vscode.git 9081
[2022-03-27 18:27:22.278] [exthost] [warning] [Decorations] CAPPING events from decorations provider vscode.git 9081
[2022-03-27 18:27:27.634] [exthost] [warning] [Decorations] CAPPING events from decorations provider vscode.git 9081
[2022-03-27 18:27:32.821] [exthost] [warning] [Decorations] CAPPING events from decorations provider vscode.git 9081
[2022-03-27 18:27:37.988] [exthost] [warning] [Decorations] CAPPING events from decorations provider vscode.git 9081
[2022-03-27 18:27:43.154] [exthost] [warning] [Decorations] CAPPING events from decorations provider vscode.git 9081
[2022-03-27 18:27:48.343] [exthost] [warning] [Decorations] CAPPING events from decorations provider vscode.git 9081
[2022-03-27 18:27:53.572] [exthost] [warning] [Decorations] CAPPING events from decorations provider vscode.git 9081
[2022-03-27 18:28:01.586] [exthost] [warning] [Decorations] CAPPING events from decorations provider vscode.git 9081
[2022-03-27 18:28:06.781] [exthost] [warning] [Decorations] CAPPING events from decorations provider vscode.git 9081
[2022-03-27 18:28:11.962] [exthost] [warning] [Decorations] CAPPING events from decorations provider vscode.git 9081
[2022-03-27 18:28:17.161] [exthost] [warning] [Decorations] CAPPING events from decorations provider vscode.git 9081
[2022-03-27 18:28:22.357] [exthost] [warning] [Decorations] CAPPING events from decorations provider vscode.git 9081
[2022-03-27 18:28:27.545] [exthost] [warning] [Decorations] CAPPING events from decorations provider vscode.git 9081
[2022-03-27 18:28:32.875] [exthost] [warning] [Decorations] CAPPING events from decorations provider vscode.git 9081
[2022-03-27 18:28:38.206] [exthost] [warning] [Decorations] CAPPING events from decorations provider vscode.git 9081
[2022-03-27 18:28:43.639] [exthost] [warning] [Decorations] CAPPING events from decorations provider vscode.git 9081
[2022-03-27 18:28:48.883] [exthost] [warning] [Decorations] CAPPING events from decorations provider vscode.git 9081
[2022-03-27 18:28:54.108] [exthost] [warning] [Decorations] CAPPING events from decorations provider vscode.git 9081
[2022-03-27 18:28:59.321] [exthost] [warning] [Decorations] CAPPING events from decorations provider vscode.git 9081
[2022-03-27 18:29:05.061] [exthost] [warning] [Decorations] CAPPING events from decorations provider vscode.git 9081
[2022-03-27 18:29:11.344] [exthost] [warning] [Decorations] CAPPING events from decorations provider vscode.git 9081
[2022-03-27 18:30:07.921] [exthost] [warning] [Decorations] CAPPING events from decorations provider vscode.git 9081
[2022-03-27 18:31:32.499] [exthost] [warning] [Decorations] CAPPING events from decorations provider vscode.git 9081
[2022-03-27 18:31:42.485] [exthost] [warning] [Decorations] CAPPING events from decorations provider vscode.git 9081
[2022-03-27 18:33:10.281] [exthost] [warning] [Decorations] CAPPING events from decorations provider vscode.git 9081
[2022-03-27 18:33:18.768] [exthost] [warning] [Decorations] CAPPING events from decorations provider vscode.git 9081
[2022-03-27 18:35:50.217] [exthost] [warning] [Decorations] CAPPING events from decorations provider vscode.git 9081
[2022-03-27 18:35:55.472] [exthost] [warning] [Decorations] CAPPING events from decorations provider vscode.git 9081
[2022-03-27 18:36:00.643] [exthost] [warning] [Decorations] CAPPING events from decorations provider vscode.git 9081
[2022-03-27 18:40:33.043] [exthost] [warning] [Decorations] CAPPING events from decorations provider vscode.git 9081
[2022-03-27 18:40:40.907] [exthost] [warning] [Decorations] CAPPING events from decorations provider vscode.git 9081
[2022-03-27 18:40:55.522] [exthost] [warning] [Decorations] CAPPING events from decorations provider vscode.git 9081
[2022-03-27 18:40:58.588] [exthost] [info] ExtensionService#_doActivateExtension vscode.css-language-features, startup: false, activationEvent: 'onLanguage:css'
[2022-03-27 18:41:03.972] [exthost] [warning] [Decorations] CAPPING events from decorations provider vscode.git 9081
[2022-03-27 18:41:21.990] [exthost] [warning] [Decorations] CAPPING events from decorations provider vscode.git 9081
[2022-03-27 18:41:30.361] [exthost] [warning] [Decorations] CAPPING events from decorations provider vscode.git 9081
[2022-03-27 18:41:36.019] [exthost] [warning] [Decorations] CAPPING events from decorations provider vscode.git 9081
[2022-03-27 18:41:44.482] [exthost] [warning] [Decorations] CAPPING events from decorations provider vscode.git 9081
[2022-03-27 18:41:49.643] [exthost] [warning] [Decorations] CAPPING events from decorations provider vscode.git 9081
[2022-03-27 18:41:54.842] [exthost] [warning] [Decorations] CAPPING events from decorations provider vscode.git 9081
[2022-03-27 18:42:02.334] [exthost] [warning] [Decorations] CAPPING events from decorations provider vscode.git 9081
[2022-03-27 18:42:07.835] [exthost] [warning] [Decorations] CAPPING events from decorations provider vscode.git 9081
[2022-03-27 18:42:14.752] [exthost] [warning] [Decorations] CAPPING events from decorations provider vscode.git 9081
[2022-03-27 18:42:21.518] [exthost] [warning] [Decorations] CAPPING events from decorations provider vscode.git 9081
[2022-03-27 18:42:28.348] [exthost] [warning] [Decorations] CAPPING events from decorations provider vscode.git 9081
[2022-03-27 18:42:36.483] [exthost] [warning] [Decorations] CAPPING events from decorations provider vscode.git 9081
[2022-03-27 18:42:41.677] [exthost] [warning] [Decorations] CAPPING events from decorations provider vscode.git 9081
[2022-03-27 18:42:46.863] [exthost] [warning] [Decorations] CAPPING events from decorations provider vscode.git 9081
[2022-03-27 18:42:56.729] [exthost] [warning] [Decorations] CAPPING events from decorations provider vscode.git 9081
[2022-03-27 18:43:01.952] [exthost] [warning] [Decorations] CAPPING events from decorations provider vscode.git 9081
[2022-03-27 18:43:07.147] [exthost] [warning] [Decorations] CAPPING events from decorations provider vscode.git 9081
[2022-03-27 18:43:14.376] [exthost] [warning] [Decorations] CAPPING events from decorations provider vscode.git 9081
[2022-03-27 18:43:19.586] [exthost] [warning] [Decorations] CAPPING events from decorations provider vscode.git 9081
[2022-03-27 18:43:24.810] [exthost] [warning] [Decorations] CAPPING events from decorations provider vscode.git 9081
[2022-03-27 18:43:32.337] [exthost] [warning] [Decorations] CAPPING events from decorations provider vscode.git 9081
[2022-03-27 18:43:37.598] [exthost] [warning] [Decorations] CAPPING events from decorations provider vscode.git 9081
[2022-03-27 18:43:42.841] [exthost] [warning] [Decorations] CAPPING events from decorations provider vscode.git 9081
[2022-03-27 18:43:50.452] [exthost] [warning] [Decorations] CAPPING events from decorations provider vscode.git 9081
[2022-03-27 18:44:07.758] [exthost] [warning] [Decorations] CAPPING events from decorations provider vscode.git 9081
[2022-03-27 18:44:12.967] [exthost] [warning] [Decorations] CAPPING events from decorations provider vscode.git 9081
[2022-03-27 18:44:36.551] [exthost] [warning] [Decorations] CAPPING events from decorations provider vscode.git 9081
[2022-03-27 18:44:41.721] [exthost] [warning] [Decorations] CAPPING events from decorations provider vscode.git 9081
[2022-03-27 18:44:52.794] [exthost] [warning] [Decorations] CAPPING events from decorations provider vscode.git 9081
[2022-03-27 18:44:57.992] [exthost] [warning] [Decorations] CAPPING events from decorations provider vscode.git 9081
[2022-03-27 18:45:06.860] [exthost] [warning] [Decorations] CAPPING events from decorations provider vscode.git 9081
[2022-03-27 18:45:13.467] [exthost] [warning] [Decorations] CAPPING events from decorations provider vscode.git 9081
